Compilación iniciada a las 23/05/2013 21:04:39.
     1>Proyecto "c:\Users\Roger\documents\visual studio 2010\Projects\Proyecto1\Proyecto1\Proyecto1.vcxproj" en el nodo 2 (build destinos).
     1>PrepareForBuild:
         Creando directorio "c:\users\roger\documents\visual studio 2010\Projects\Proyecto1\Debug\".
       InitializeBuildStatus:
         Se creará "Debug\Proyecto1.unsuccessfulbuild" porque se especificó "AlwaysCreate".
       ClCompile:
         C:\Program Files (x86)\Microsoft Visual Studio 10.0\VC\bin\CL.exe /c /ZI /nologo /W3 /WX- /Od /Oy- /D _MBCS /Gm /EHsc /RTC1 /MDd /GS /fp:precise /Zc:wchar_t /Zc:forScope /Fo"Debug\\" /Fd"Debug\vc100.pdb" /Gd /TP /analyze- /errorReport:prompt SimpleDraw.cpp
         SimpleDraw.cpp
       Link:
         C:\Program Files (x86)\Microsoft Visual Studio 10.0\VC\bin\link.exe /ERRORREPORT:PROMPT /OUT:"c:\users\roger\documents\visual studio 2010\Projects\Proyecto1\Debug\Proyecto1.exe" /NOLOGO opengl32.lib glu32.lib glut32.lib kernel32.lib user32.lib gdi32.lib winspool.lib comdlg32.lib advapi32.lib shell32.lib ole32.lib oleaut32.lib uuid.lib odbc32.lib odbccp32.lib /MANIFEST /ManifestFile:"Debug\Proyecto1.exe.intermediate.manifest" /MANIFESTUAC:"level='asInvoker' uiAccess='false'" /DEBUG /PDB:"c:\users\roger\documents\visual studio 2010\Projects\Proyecto1\Debug\Proyecto1.pdb" /TLBID:1 /DYNAMICBASE /NXCOMPAT /IMPLIB:"c:\users\roger\documents\visual studio 2010\Projects\Proyecto1\Debug\Proyecto1.lib" /MACHINE:X86 Debug\SimpleDraw.obj
         Proyecto1.vcxproj -> c:\users\roger\documents\visual studio 2010\Projects\Proyecto1\Debug\Proyecto1.exe
       Manifest:
         C:\Program Files (x86)\Microsoft SDKs\Windows\v7.0A\bin\mt.exe /nologo /verbose /outputresource:"c:\users\roger\documents\visual studio 2010\Projects\Proyecto1\Debug\Proyecto1.exe;#1" /manifest Debug\Proyecto1.exe.intermediate.manifest
       FinalizeBuildStatus:
         Se eliminará el archivo "Debug\Proyecto1.unsuccessfulbuild".
         Aplicando tarea Touch a "Debug\Proyecto1.lastbuildstate".
     1>Compilación del proyecto terminada "c:\Users\Roger\documents\visual studio 2010\Projects\Proyecto1\Proyecto1\Proyecto1.vcxproj" (build destinos).

Compilación correcta.

Tiempo transcurrido 00:00:03.70
